make.exe all --print-data-base --no-builtin-variables --no-builtin-rules --question
# GNU Make 4.3
# Built for Windows32
# Copyright (C) 1988-2020 Free Software Foundation, Inc.
# License GPLv3+: GNU GPL version 3 or later <http://gnu.org/licenses/gpl.html>
# This is free software: you are free to change and redistribute it.
# There is NO WARRANTY, to the extent permitted by law.

# Make data base, printed on Tue Nov 22 14:40:54 2022

# Variables

# environment
FPS_BROWSER_APP_PROFILE_STRING = Internet Explorer
# environment
SYSTEMDRIVE = C:
# environment
LC_ALL = C
# environment
USERPROFILE = C:\Users\zache
# environment
LOCALAPPDATA = C:\Users\zache\AppData\Local
# makefile (from 'makefile', line 11)
numbers_100 := 101 102 103 104 105 108
# environment
VSCODE_CWD = C:\Users\zache\AppData\Local\Programs\Microsoft VS Code
# environment
CHOCOLATEYINSTALL = C:\ProgramData\chocolatey
# 
 environment
SYSTEMROOT = C:\Windows
# environment
PROCESSOR_LEVEL = 6
# environment
PSMODULEPATH = C:\Program Files\WindowsPowerShell\Modules;C:\Windows\system32\WindowsPowerShell\v1.0\Modules
# default
MAKE_COMMAND := make.exe
# automatic
@D = $(patsubst %/,%,$(patsubst %\,%,$(dir $@)))
# environment
CHROME_CRASHPAD_PIPE_NAME = \\.\pipe\crashpad_2320_OOIMDLCJIEZMTTTP
# makefile (from 'makefile', line 8)
numbers_40 := 41 42 43 44 45 46
# environment
FPS_BROWSER_USER_PROFILE_STRING = Default
# environment
VSCODE_HANDLES_UNCAUGHT_ERRORS = true
# default
.VARIABLES := 
# automatic
%D = $(patsubst %/,%,$(patsubst %\,%,$(dir $%)))
# automatic
^D = $(patsubst %/,%,$(patsubst %\,%,$(dir $^)))
# automatic
%F = $(notdir $%)
# environment
VSCODE_CODE_CACHE_PATH = C:\Users\zache\AppData\Roaming\Code\CachedData\6261075646f055b99068d3688932416f2346dd3b
# environment
LANG = C
# default
.LOADED := 
# environment
TMP = C:\Users\zache\AppData\Local\Temp
# default
.INCLUDE_DIRS = .
# makefile
MAKEFLAGS = pqrR
# environment
ONEDRIVE = C:\Users\zache\OneDrive
# environment
INTELLIJ IDEA COMMUNITY EDITION = C:\Program Files\JetBrains\IntelliJ IDEA Community Edition 2022.2.1\bin;
# makefile
CURDIR := c:/Users/zache/Downloads/PuzzleProj
# environment
APPLICATION_INSIGHTS_NO_DIAGNOSTIC_CHANNEL = 1
# automatic
*D = $(patsubst %/,%,$(patsubst %\,%,$(dir $*)))
# environment
PROGRAMFILES = C:\Program Files
# environment
MFLAGS = -pqrR
# default
.SHELLFLAGS := -c
# environment
COMMONPROGRAMW6432 = C:\Program Files\Common Files
# automatic
+D = $(patsubst %/,%,$(patsubst %\,%,$(dir $+)))
# makefile (from 'makefile', line 1)
MAKEFILE_LIST := makefile
# automatic
@F = $(notdir $@)
# makefile (from 'makefile', line 9)
numbers_60 := 61 62 64 66 67 68
# environment
VSCODE_PID = 2320
# automatic
?D = $(patsubst %/,%,$(patsubst %\,%,$(dir $?)))
# automatic
*F = $(notdir $*)
# automatic
<D = $(patsubst %/,%,$(patsubst %\,%,$(dir $<)))
# environment
VSCODE_NLS_CONFIG = {"locale":"en-us","availableLanguages":{},"_languagePackSupport":true}
# default
MAKE_HOST := Windows32
# environment
PROGRAMDATA = C:\ProgramData
# default
SHELL := sh.exe
# environment
HOMEPATH = \Users\zache
# default
MAKECMDGOALS := all
# environment
DRIVERDATA = C:\Windows\System32\Drivers\DriverData
# environment
COMSPEC = C:\Windows\system32\cmd.exe
# environment
WINDIR = C:\Windows
# environment
MAKELEVEL := 0
# makefile (from 'makefile', line 6)
buckets := 20 40 60 80 100
# default
MAKE = $(MAKE_COMMAND)
# environment
PATH = C:\Python310\Scripts\;C:\Python310\;C:\Program Files\Common Files\Oracle\Java\javapath;C:\Windows\system32;C:\Windows;C:\Windows\System32\Wbem;C:\Windows\System32\WindowsPowerShell\v1.0\;C:\Windows\System32\OpenSSH\;C:\Program Files\Git\cmd;C:\Program Files\nodejs\;C:\ProgramData\chocolatey\bin;C:\Users\zache\AppData\Local\Microsoft\WindowsApps;C:\Users\zache\AppData\Local\Programs\Microsoft VS Code\bin;C:\MinGW\bin;C:\Program Files\Microsoft Visual Studio\2022\Community\VC\Tools\MSVC\14.31.31103\bin\Hostx64\x64;;C:\Program Files\JetBrains\IntelliJ IDEA Community Edition 2022.2.1\bin;;C:\Users\zache\AppData\Roaming\npm
# environment
ZES_ENABLE_SYSMAN = 1
# environment
COMPUTERNAME = DESKTOP-4ON2P7P
# default
MAKEFILES := 
# automatic
^F = $(notdir $^)
# environment
PROMPT = $P$G
# environment
CHOCOLATEYLASTPATHUPDATE = 133099141986766998
# environment
LOGONSERVER = \\DESKTOP-4ON2P7P
# makefile (from 'makefile', line 13)
tests := project5-passoff
# environment
USERNAME = zache
# environment
COMMONPROGRAMFILES = C:\Program Files\Common Files
# automatic
?F = $(notdir $?)
# environment
PROGRAMW6432 = C:\Program Files
# environment
PATHEXT = .COM;.EXE;.BAT;.CMD;.VBS;.VBE;.JS;.JSE;.WSF;.WSH;.MSC;.PY;.PYW
# automatic
+F = $(notdir $+)
# environment
ORIGINAL_XDG_CURRENT_DESKTOP = undefined
# environment
USERDOMAIN = DESKTOP-4ON2P7P
# 'override' directive
GNUMAKEFLAGS := 
# environment
OS = Windows_NT
# makefile
.DEFAULT_GOAL := all
# default
MAKE_VERSION := 4.3
# environment
PROGRAMFILES(X86) = C:\Program Files (x86)
# makefile (from 'makefile', line 10)
numbers_80 := 81 82 83 84 85 86
# environment
USERDOMAIN_ROAMINGPROFILE = DESKTOP-4ON2P7P
# environment
NUMBER_OF_PROCESSORS = 8
# environment
PUBLIC = C:\Users\Public
# environment
APPDATA = C:\Users\zache\AppData\Roaming
# environment
HOMEDRIVE = C:
# makefile (from 'makefile', line 4)
NUM := 5
# environment
PROCESSOR_ARCHITECTURE = AMD64
# environment
VSCODE_AMD_ENTRYPOINT = vs/workbench/api/node/extensionHostProcess
# environment
COMMONPROGRAMFILES(X86) = C:\Program Files (x86)\Common Files
# environment
ELECTRON_RUN_AS_NODE = 1
# environment
TEMP = C:\Users\zache\AppData\Local\Temp
# environment
VSCODE_IPC_HOOK = \\.\pipe\d3ebe81d389fd91b99322dae5d1640e6-1.73.1-main-sock
# default
.RECIPEPREFIX := 
# automatic
<F = $(notdir $<)
# default
SUFFIXES := 
# environment
ALLUSERSPROFILE = C:\ProgramData
# environment
SESSIONNAME = Console
# default
.FEATURES := target-specific order-only second-expansion else-if shortest-stem undefine oneshell nocomment grouped-target extra-prereqs archives jobserver output-sync load
# environment
PROCESSOR_REVISION = 8e0a
# environment
PROCESSOR_IDENTIFIER = Intel64 Family 6 Model 142 Stepping 10, GenuineIntel
# makefile (from 'makefile', line 7)
numbers_20 := 21 22 23
# variable set hash-table stats:
# Load=100/1024=10%, Rehash=0, Collisions=8/140=6%

# Pattern-specific Variable Values

# No pattern-specific variable values.

# Directories

# . (key c:/Users/zache/Downloads/PuzzleProj, mtime 1666327252): 33 files, no impossibilities.

# 33 files, no impossibilities in 1 directories.

# Implicit Rules

# No implicit rules.

# Files

80:
#  Implicit rule search has not been done.
#  Modification time never checked.
#  File has not been updated.
#  recipe to execute (from 'makefile', line 21):
	echo "Bucket $@"; \
	for number in ${numbers_$@} ; \
	do \
		echo "Running input $$number" ; \
		./lab$(NUM) $(tests)/$@/input$$number.txt > $(tests)/out.txt ; \
		diff $(tests)/$@/answer$$number.txt $(tests)/out.txt || (echo "diff failed on test $$number \n") ; \
	done \


compile:
#  Implicit rule search has not been done.
#  Modification time never checked.
#  File has not been updated.
#  recipe to execute (from 'makefile', line 30):
	g++ -Wall -Werror -std=c++17 -g *.cpp -o lab$(NUM)

60:
#  Implicit rule search has not been done.
#  Modification time never checked.
#  File has not been updated.
#  recipe to execute (from 'makefile', line 21):
	echo "Bucket $@"; \
	for number in ${numbers_$@} ; \
	do \
		echo "Running input $$number" ; \
		./lab$(NUM) $(tests)/$@/input$$number.txt > $(tests)/out.txt ; \
		diff $(tests)/$@/answer$$number.txt $(tests)/out.txt || (echo "diff failed on test $$number \n") ; \
	done \


.SILENT: all 20 40 60 80 100
#  Implicit rule search has not been done.
#  Modification time never checked.
#  File has not been updated.

100:
#  Implicit rule search has not been done.
#  Modification time never checked.
#  File has not been updated.
#  recipe to execute (from 'makefile', line 21):
	echo "Bucket $@"; \
	for number in ${numbers_$@} ; \
	do \
		echo "Running input $$number" ; \
		./lab$(NUM) $(tests)/$@/input$$number.txt > $(tests)/out.txt ; \
		diff $(tests)/$@/answer$$number.txt $(tests)/out.txt || (echo "diff failed on test $$number \n") ; \
	done \


# Not a target:
.DEFAULT:
#  Implicit rule search has not been done.
#  Modification time never checked.
#  File has not been updated.

all: 20 40 60 80 100
#  Command line target.
#  Implicit rule search has not been done.
#  File does not exist.
#  File has been updated.
#  Needs to be updated (-q is set).
# variable set hash-table stats:
# Load=0/32=0%, Rehash=0, Collisions=0/9=0%
#  recipe to execute (from 'makefile', line 18):
	@rm $(tests)/out.txt

20:
#  Implicit rule search has not been done.
#  Implicit/static pattern stem: ''
#  File does not exist.
#  File has been updated.
#  Needs to be updated (-q is set).
# automatic
# @ := 20
# automatic
# * := 
# automatic
# < := 
# automatic
# + := 
# automatic
# % := 
# automatic
# ^ := 
# automatic
# ? := 
# automatic
# | := 
# variable set hash-table stats:
# Load=8/32=25%, Rehash=0, Collisions=9/21=43%
#  recipe to execute (from 'makefile', line 21):
	echo "Bucket $@"; \
	for number in ${numbers_$@} ; \
	do \
		echo "Running input $$number" ; \
		./lab$(NUM) $(tests)/$@/input$$number.txt > $(tests)/out.txt ; \
		diff $(tests)/$@/answer$$number.txt $(tests)/out.txt || (echo "diff failed on test $$number \n") ; \
	done \


# Not a target:
makefile:
#  Implicit rule search has been done.
#  Last modified 2022-05-26 22:35:28
#  File has been updated.
#  Successfully updated.

40:
#  Implicit rule search has not been done.
#  Modification time never checked.
#  File has not been updated.
#  recipe to execute (from 'makefile', line 21):
	echo "Bucket $@"; \
	for number in ${numbers_$@} ; \
	do \
		echo "Running input $$number" ; \
		./lab$(NUM) $(tests)/$@/input$$number.txt > $(tests)/out.txt ; \
		diff $(tests)/$@/answer$$number.txt $(tests)/out.txt || (echo "diff failed on test $$number \n") ; \
	done \


# Not a target:
.SUFFIXES:
#  Implicit rule search has not been done.
#  Modification time never checked.
#  File has not been updated.

# files hash-table stats:
# Load=11/1024=1%, Rehash=0, Collisions=0/39=0%
# VPATH Search Paths

# No 'vpath' search paths.

# No general ('VPATH' variable) search path.

# strcache buffers: 1 (0) / strings = 43 / storage = 386 B / avg = 8 B
# current buf: size = 8162 B / used = 386 B / count = 43 / avg = 8 B

# strcache performance: lookups = 68 / hit rate = 36%
# hash-table stats:
# Load=43/8192=1%, Rehash=0, Collisions=0/68=0%
# Finished Make data base on Tue Nov 22 14:40:54 2022

 
